<?xml version="1.0" encoding="UTF-8"?>
<!-- Generated by org.testng.reporters.JUnitReportReporter -->
<testsuite hostname="DESKTOP-99N73JI" failures="0" tests="1" name="com.pages.loginpage" time="27.625" errors="0" timestamp="2021-08-06T17:37:56 IST" skipped="0">
  <testcase classname="com.pages.loginpage" name="login" time="27.625"/>
  <system-out/>
</testsuite> <!-- com.pages.loginpage -->
